<?xml version="1.0" encoding="UTF-8"?>
<!-- Generated by org.testng.reporters.JUnitReportReporter -->
<testsuite name="testCases.VerifyHomePage" tests="1" time="9.970" ignored="0" failures="0" timestamp="30 Dec 2016 06:46:00 GMT" skipped="0" hostname="RAVIANA-IN" errors="0">
  <testcase name="testHomePage" time="9.970" classname="testCases.VerifyHomePage"/>
</testsuite> <!-- testCases.VerifyHomePage -->
