<?xml version="1.0" encoding="UTF-8"?>
<!-- Generated by org.testng.reporters.JUnitReportReporter -->
<testsuite name="testCases.VerifyLoginPagewithReport" tests="1" time="27.061" ignored="0" failures="0" timestamp="30 Dec 2016 08:52:19 GMT" skipped="0" hostname="RAVIANA-IN" errors="0">
  <testcase name="testHomePage" time="27.061" classname="testCases.VerifyLoginPagewithReport"/>
</testsuite> <!-- testCases.VerifyLoginPagewithReport -->
